<?xml version="1.0" encoding="UTF-8"?>
<testsuite xmlns:xsi="http://www.w3.org/2001/XMLSchema-instance" xsi:noNamespaceSchemaLocation="https://maven.apache.org/surefire/maven-surefire-plugin/xsd/surefire-test-report.xsd" name="com.peng.sms.api.filter.CheckFilterContextTest" time="1.35" tests="1" errors="0" skipped="0" failures="0">
  <properties>
    <property name="gopherProxySet" value="false"/>
    <property name="awt.toolkit" value="sun.lwawt.macosx.LWCToolkit"/>
    <property name="file.encoding.pkg" value="sun.io"/>
    <property name="java.specification.version" value="1.8"/>
    <property name="sun.cpu.isalist" value=""/>
    <property name="sun.jnu.encoding" value="UTF-8"/>
    <property name="java.class.path" value="/Users/pen_warren/IdeaProjects/beacon-cloud/beacon-api/target/test-classes:/Users/pen_warren/IdeaProjects/beacon-cloud/beacon-api/target/classes:/Users/pen_warren/.m2/repository/org/springframework/boot/spring-boot-starter-web/2.3.12.RELEASE/spring-boot-starter-web-2.3.12.RELEASE.jar:/Users/pen_warren/.m2/repository/org/springframework/boot/spring-boot-starter/2.3.12.RELEASE/spring-boot-starter-2.3.12.RELEASE.jar:/Users/pen_warren/.m2/repository/org/springframework/boot/spring-boot/2.3.12.RELEASE/spring-boot-2.3.12.RELEASE.jar:/Users/pen_warren/.m2/repository/org/springframework/boot/spring-boot-autoconfigure/2.3.12.RELEASE/spring-boot-autoconfigure-2.3.12.RELEASE.jar:/Users/pen_warren/.m2/repository/org/springframework/boot/spring-boot-starter-logging/2.3.12.RELEASE/spring-boot-starter-logging-2.3.12.RELEASE.jar:/Users/pen_warren/.m2/repository/ch/qos/logback/logback-classic/1.2.3/logback-classic-1.2.3.jar:/Users/pen_warren/.m2/repository/ch/qos/logback/logback-core/1.2.3/logback-core-1.2.3.jar:/Users/pen_warren/.m2/repository/org/apache/logging/log4j/log4j-to-slf4j/2.13.3/log4j-to-slf4j-2.13.3.jar:/Users/pen_warren/.m2/repository/org/apache/logging/log4j/log4j-api/2.14.1/log4j-api-2.14.1.jar:/Users/pen_warren/.m2/repository/org/slf4j/jul-to-slf4j/1.7.30/jul-to-slf4j-1.7.30.jar:/Users/pen_warren/.m2/repository/jakarta/annotation/jakarta.annotation-api/1.3.5/jakarta.annotation-api-1.3.5.jar:/Users/pen_warren/.m2/repository/org/yaml/snakeyaml/1.26/snakeyaml-1.26.jar:/Users/pen_warren/.m2/repository/org/springframework/boot/spring-boot-starter-json/2.3.12.RELEASE/spring-boot-starter-json-2.3.12.RELEASE.jar:/Users/pen_warren/.m2/repository/com/fasterxml/jackson/core/jackson-databind/2.12.5/jackson-databind-2.12.5.jar:/Users/pen_warren/.m2/repository/com/fasterxml/jackson/core/jackson-annotations/2.12.5/jackson-annotations-2.12.5.jar:/Users/pen_warren/.m2/repository/com/fasterxml/jackson/datatype/jackson-datatype-jdk8/2.12.5/jackson-datatype-jdk8-2.12.5.jar:/Users/pen_warren/.m2/repository/com/fasterxml/jackson/datatype/jackson-datatype-jsr310/2.12.5/jackson-datatype-jsr310-2.12.5.jar:/Users/pen_warren/.m2/repository/com/fasterxml/jackson/module/jackson-module-parameter-names/2.12.5/jackson-module-parameter-names-2.12.5.jar:/Users/pen_warren/.m2/repository/org/springframework/boot/spring-boot-starter-tomcat/2.3.12.RELEASE/spring-boot-starter-tomcat-2.3.12.RELEASE.jar:/Users/pen_warren/.m2/repository/org/apache/tomcat/embed/tomcat-embed-core/9.0.46/tomcat-embed-core-9.0.46.jar:/Users/pen_warren/.m2/repository/org/apache/tomcat/embed/tomcat-embed-websocket/9.0.46/tomcat-embed-websocket-9.0.46.jar:/Users/pen_warren/.m2/repository/org/springframework/spring-web/5.3.12/spring-web-5.3.12.jar:/Users/pen_warren/.m2/repository/org/springframework/spring-beans/5.3.12/spring-beans-5.3.12.jar:/Users/pen_warren/.m2/repository/org/springframework/spring-webmvc/5.3.12/spring-webmvc-5.3.12.jar:/Users/pen_warren/.m2/repository/org/springframework/spring-aop/5.3.12/spring-aop-5.3.12.jar:/Users/pen_warren/.m2/repository/org/springframework/spring-context/5.3.12/spring-context-5.3.12.jar:/Users/pen_warren/.m2/repository/org/springframework/spring-expression/5.3.12/spring-expression-5.3.12.jar:/Users/pen_warren/.m2/repository/com/alibaba/cloud/spring-cloud-starter-alibaba-nacos-discovery/2.2.6.RELEASE/spring-cloud-starter-alibaba-nacos-discovery-2.2.6.RELEASE.jar:/Users/pen_warren/.m2/repository/com/alibaba/cloud/spring-cloud-alibaba-commons/2.2.6.RELEASE/spring-cloud-alibaba-commons-2.2.6.RELEASE.jar:/Users/pen_warren/.m2/repository/com/alibaba/nacos/nacos-client/1.4.2/nacos-client-1.4.2.jar:/Users/pen_warren/.m2/repository/com/alibaba/nacos/nacos-common/1.4.2/nacos-common-1.4.2.jar:/Users/pen_warren/.m2/repository/commons-io/commons-io/2.7/commons-io-2.7.jar:/Users/pen_warren/.m2/repository/org/apache/httpcomponents/httpasyncclient/4.1.4/httpasyncclient-4.1.4.jar:/Users/pen_warren/.m2/repository/org/apache/httpcomponents/httpcore/4.4.14/httpcore-4.4.14.jar:/Users/pen_warren/.m2/repository/org/apache/httpcomponents/httpcore-nio/4.4.14/httpcore-nio-4.4.14.jar:/Users/pen_warren/.m2/repository/com/alibaba/nacos/nacos-api/1.4.2/nacos-api-1.4.2.jar:/Users/pen_warren/.m2/repository/com/google/guava/guava/30.0-jre/guava-30.0-jre.jar:/Users/pen_warren/.m2/repository/com/google/guava/failureaccess/1.0.1/failureaccess-1.0.1.jar:/Users/pen_warren/.m2/repository/com/google/guava/listenablefuture/9999.0-empty-to-avoid-conflict-with-guava/listenablefuture-9999.0-empty-to-avoid-conflict-with-guava.jar:/Users/pen_warren/.m2/repository/com/google/code/findbugs/jsr305/3.0.2/jsr305-3.0.2.jar:/Users/pen_warren/.m2/repository/org/checkerframework/checker-qual/3.5.0/checker-qual-3.5.0.jar:/Users/pen_warren/.m2/repository/com/google/errorprone/error_prone_annotations/2.3.4/error_prone_annotations-2.3.4.jar:/Users/pen_warren/.m2/repository/com/google/j2objc/j2objc-annotations/1.3/j2objc-annotations-1.3.jar:/Users/pen_warren/.m2/repository/commons-codec/commons-codec/1.14/commons-codec-1.14.jar:/Users/pen_warren/.m2/repository/com/fasterxml/jackson/core/jackson-core/2.12.5/jackson-core-2.12.5.jar:/Users/pen_warren/.m2/repository/io/prometheus/simpleclient/0.10.0/simpleclient-0.10.0.jar:/Users/pen_warren/.m2/repository/com/alibaba/spring/spring-context-support/1.0.10/spring-context-support-1.0.10.jar:/Users/pen_warren/.m2/repository/org/springframework/cloud/spring-cloud-commons/2.2.9.RELEASE/spring-cloud-commons-2.2.9.RELEASE.jar:/Users/pen_warren/.m2/repository/org/springframework/security/spring-security-crypto/5.5.3/spring-security-crypto-5.5.3.jar:/Users/pen_warren/.m2/repository/org/springframework/cloud/spring-cloud-context/2.2.9.RELEASE/spring-cloud-context-2.2.9.RELEASE.jar:/Users/pen_warren/.m2/repository/org/springframework/cloud/spring-cloud-starter-netflix-ribbon/2.2.9.RELEASE/spring-cloud-starter-netflix-ribbon-2.2.9.RELEASE.jar:/Users/pen_warren/.m2/repository/org/springframework/cloud/spring-cloud-netflix-ribbon/2.2.9.RELEASE/spring-cloud-netflix-ribbon-2.2.9.RELEASE.jar:/Users/pen_warren/.m2/repository/org/springframework/cloud/spring-cloud-netflix-archaius/2.2.9.RELEASE/spring-cloud-netflix-archaius-2.2.9.RELEASE.jar:/Users/pen_warren/.m2/repository/org/springframework/cloud/spring-cloud-starter-netflix-archaius/2.2.9.RELEASE/spring-cloud-starter-netflix-archaius-2.2.9.RELEASE.jar:/Users/pen_warren/.m2/repository/commons-configuration/commons-configuration/1.8/commons-configuration-1.8.jar:/Users/pen_warren/.m2/repository/com/netflix/ribbon/ribbon/2.3.0/ribbon-2.3.0.jar:/Users/pen_warren/.m2/repository/com/netflix/ribbon/ribbon-transport/2.3.0/ribbon-transport-2.3.0.jar:/Users/pen_warren/.m2/repository/io/reactivex/rxnetty-contexts/0.4.9/rxnetty-contexts-0.4.9.jar:/Users/pen_warren/.m2/repository/io/reactivex/rxnetty-servo/0.4.9/rxnetty-servo-0.4.9.jar:/Users/pen_warren/.m2/repository/javax/inject/javax.inject/1/javax.inject-1.jar:/Users/pen_warren/.m2/repository/io/reactivex/rxnetty/0.4.9/rxnetty-0.4.9.jar:/Users/pen_warren/.m2/repository/com/netflix/ribbon/ribbon-core/2.3.0/ribbon-core-2.3.0.jar:/Users/pen_warren/.m2/repository/commons-lang/commons-lang/2.6/commons-lang-2.6.jar:/Users/pen_warren/.m2/repository/com/netflix/ribbon/ribbon-httpclient/2.3.0/ribbon-httpclient-2.3.0.jar:/Users/pen_warren/.m2/repository/commons-collections/commons-collections/3.2.2/commons-collections-3.2.2.jar:/Users/pen_warren/.m2/repository/org/apache/httpcomponents/httpclient/4.5.13/httpclient-4.5.13.jar:/Users/pen_warren/.m2/repository/com/sun/jersey/jersey-client/1.19.1/jersey-client-1.19.1.jar:/Users/pen_warren/.m2/repository/com/sun/jersey/jersey-core/1.19.1/jersey-core-1.19.1.jar:/Users/pen_warren/.m2/repository/javax/ws/rs/jsr311-api/1.1.1/jsr311-api-1.1.1.jar:/Users/pen_warren/.m2/repository/com/sun/jersey/contribs/jersey-apache-client4/1.19.1/jersey-apache-client4-1.19.1.jar:/Users/pen_warren/.m2/repository/com/netflix/servo/servo-core/0.12.21/servo-core-0.12.21.jar:/Users/pen_warren/.m2/repository/com/netflix/netflix-commons/netflix-commons-util/0.3.0/netflix-commons-util-0.3.0.jar:/Users/pen_warren/.m2/repository/com/netflix/ribbon/ribbon-loadbalancer/2.3.0/ribbon-loadbalancer-2.3.0.jar:/Users/pen_warren/.m2/repository/com/netflix/netflix-commons/netflix-statistics/0.1.1/netflix-statistics-0.1.1.jar:/Users/pen_warren/.m2/repository/io/reactivex/rxjava/1.3.8/rxjava-1.3.8.jar:/Users/pen_warren/.m2/repository/com/alibaba/cloud/spring-cloud-starter-alibaba-nacos-config/2.2.6.RELEASE/spring-cloud-starter-alibaba-nacos-config-2.2.6.RELEASE.jar:/Users/pen_warren/.m2/repository/org/springframework/cloud/spring-cloud-starter-openfeign/2.2.9.RELEASE/spring-cloud-starter-openfeign-2.2.9.RELEASE.jar:/Users/pen_warren/.m2/repository/org/springframework/cloud/spring-cloud-starter/2.2.9.RELEASE/spring-cloud-starter-2.2.9.RELEASE.jar:/Users/pen_warren/.m2/repository/org/springframework/security/spring-security-rsa/1.0.9.RELEASE/spring-security-rsa-1.0.9.RELEASE.jar:/Users/pen_warren/.m2/repository/org/bouncycastle/bcpkix-jdk15on/1.64/bcpkix-jdk15on-1.64.jar:/Users/pen_warren/.m2/repository/org/bouncycastle/bcprov-jdk15on/1.64/bcprov-jdk15on-1.64.jar:/Users/pen_warren/.m2/repository/org/springframework/cloud/spring-cloud-openfeign-core/2.2.9.RELEASE/spring-cloud-openfeign-core-2.2.9.RELEASE.jar:/Users/pen_warren/.m2/repository/org/springframework/boot/spring-boot-starter-aop/2.3.12.RELEASE/spring-boot-starter-aop-2.3.12.RELEASE.jar:/Users/pen_warren/.m2/repository/org/aspectj/aspectjweaver/1.9.6/aspectjweaver-1.9.6.jar:/Users/pen_warren/.m2/repository/io/github/openfeign/form/feign-form-spring/3.8.0/feign-form-spring-3.8.0.jar:/Users/pen_warren/.m2/repository/io/github/openfeign/form/feign-form/3.8.0/feign-form-3.8.0.jar:/Users/pen_warren/.m2/repository/commons-fileupload/commons-fileupload/1.4/commons-fileupload-1.4.jar:/Users/pen_warren/.m2/repository/io/github/openfeign/feign-core/10.12/feign-core-10.12.jar:/Users/pen_warren/.m2/repository/io/github/openfeign/feign-slf4j/10.12/feign-slf4j-10.12.jar:/Users/pen_warren/.m2/repository/org/slf4j/slf4j-api/1.7.30/slf4j-api-1.7.30.jar:/Users/pen_warren/.m2/repository/io/github/openfeign/feign-hystrix/10.12/feign-hystrix-10.12.jar:/Users/pen_warren/.m2/repository/com/netflix/archaius/archaius-core/0.7.7/archaius-core-0.7.7.jar:/Users/pen_warren/.m2/repository/com/netflix/hystrix/hystrix-core/1.5.18/hystrix-core-1.5.18.jar:/Users/pen_warren/.m2/repository/org/hdrhistogram/HdrHistogram/2.1.9/HdrHistogram-2.1.9.jar:/Users/pen_warren/.m2/repository/org/springframework/boot/spring-boot-starter-amqp/2.3.12.RELEASE/spring-boot-starter-amqp-2.3.12.RELEASE.jar:/Users/pen_warren/.m2/repository/org/springframework/spring-messaging/5.3.12/spring-messaging-5.3.12.jar:/Users/pen_warren/.m2/repository/org/springframework/amqp/spring-rabbit/2.2.18.RELEASE/spring-rabbit-2.2.18.RELEASE.jar:/Users/pen_warren/.m2/repository/com/rabbitmq/amqp-client/5.9.0/amqp-client-5.9.0.jar:/Users/pen_warren/.m2/repository/org/springframework/amqp/spring-amqp/2.2.18.RELEASE/spring-amqp-2.2.18.RELEASE.jar:/Users/pen_warren/.m2/repository/org/springframework/retry/spring-retry/1.2.5.RELEASE/spring-retry-1.2.5.RELEASE.jar:/Users/pen_warren/.m2/repository/org/springframework/spring-tx/5.3.12/spring-tx-5.3.12.jar:/Users/pen_warren/.m2/repository/org/projectlombok/lombok/1.18.20/lombok-1.18.20.jar:/Users/pen_warren/.m2/repository/org/springframework/boot/spring-boot-starter-test/2.3.12.RELEASE/spring-boot-starter-test-2.3.12.RELEASE.jar:/Users/pen_warren/.m2/repository/org/springframework/boot/spring-boot-test/2.3.12.RELEASE/spring-boot-test-2.3.12.RELEASE.jar:/Users/pen_warren/.m2/repository/org/springframework/boot/spring-boot-test-autoconfigure/2.3.12.RELEASE/spring-boot-test-autoconfigure-2.3.12.RELEASE.jar:/Users/pen_warren/.m2/repository/com/jayway/jsonpath/json-path/2.4.0/json-path-2.4.0.jar:/Users/pen_warren/.m2/repository/net/minidev/json-smart/2.3.1/json-smart-2.3.1.jar:/Users/pen_warren/.m2/repository/net/minidev/accessors-smart/2.3.1/accessors-smart-2.3.1.jar:/Users/pen_warren/.m2/repository/org/ow2/asm/asm/5.0.4/asm-5.0.4.jar:/Users/pen_warren/.m2/repository/jakarta/xml/bind/jakarta.xml.bind-api/2.3.3/jakarta.xml.bind-api-2.3.3.jar:/Users/pen_warren/.m2/repository/jakarta/activation/jakarta.activation-api/1.2.2/jakarta.activation-api-1.2.2.jar:/Users/pen_warren/.m2/repository/org/assertj/assertj-core/3.16.1/assertj-core-3.16.1.jar:/Users/pen_warren/.m2/repository/org/hamcrest/hamcrest/2.2/hamcrest-2.2.jar:/Users/pen_warren/.m2/repository/org/junit/jupiter/junit-jupiter/5.7.2/junit-jupiter-5.7.2.jar:/Users/pen_warren/.m2/repository/org/junit/jupiter/junit-jupiter-api/5.7.2/junit-jupiter-api-5.7.2.jar:/Users/pen_warren/.m2/repository/org/opentest4j/opentest4j/1.2.0/opentest4j-1.2.0.jar:/Users/pen_warren/.m2/repository/org/junit/platform/junit-platform-commons/1.7.2/junit-platform-commons-1.7.2.jar:/Users/pen_warren/.m2/repository/org/junit/jupiter/junit-jupiter-params/5.7.2/junit-jupiter-params-5.7.2.jar:/Users/pen_warren/.m2/repository/org/junit/jupiter/junit-jupiter-engine/5.7.2/junit-jupiter-engine-5.7.2.jar:/Users/pen_warren/.m2/repository/org/junit/vintage/junit-vintage-engine/5.7.2/junit-vintage-engine-5.7.2.jar:/Users/pen_warren/.m2/repository/org/apiguardian/apiguardian-api/1.1.0/apiguardian-api-1.1.0.jar:/Users/pen_warren/.m2/repository/org/junit/platform/junit-platform-engine/1.7.2/junit-platform-engine-1.7.2.jar:/Users/pen_warren/.m2/repository/junit/junit/4.13.2/junit-4.13.2.jar:/Users/pen_warren/.m2/repository/org/mockito/mockito-core/3.3.3/mockito-core-3.3.3.jar:/Users/pen_warren/.m2/repository/net/bytebuddy/byte-buddy/1.10.22/byte-buddy-1.10.22.jar:/Users/pen_warren/.m2/repository/net/bytebuddy/byte-buddy-agent/1.10.22/byte-buddy-agent-1.10.22.jar:/Users/pen_warren/.m2/repository/org/objenesis/objenesis/2.6/objenesis-2.6.jar:/Users/pen_warren/.m2/repository/org/mockito/mockito-junit-jupiter/3.3.3/mockito-junit-jupiter-3.3.3.jar:/Users/pen_warren/.m2/repository/org/skyscreamer/jsonassert/1.5.0/jsonassert-1.5.0.jar:/Users/pen_warren/.m2/repository/com/vaadin/external/google/android-json/0.0.20131108.vaadin1/android-json-0.0.20131108.vaadin1.jar:/Users/pen_warren/.m2/repository/org/springframework/spring-core/5.3.12/spring-core-5.3.12.jar:/Users/pen_warren/.m2/repository/org/springframework/spring-jcl/5.3.12/spring-jcl-5.3.12.jar:/Users/pen_warren/.m2/repository/org/springframework/spring-test/5.3.12/spring-test-5.3.12.jar:/Users/pen_warren/.m2/repository/org/xmlunit/xmlunit-core/2.7.0/xmlunit-core-2.7.0.jar:/Users/pen_warren/.m2/repository/org/springframework/boot/spring-boot-starter-validation/2.3.12.RELEASE/spring-boot-starter-validation-2.3.12.RELEASE.jar:/Users/pen_warren/.m2/repository/org/glassfish/jakarta.el/3.0.3/jakarta.el-3.0.3.jar:/Users/pen_warren/.m2/repository/org/hibernate/validator/hibernate-validator/6.1.7.Final/hibernate-validator-6.1.7.Final.jar:/Users/pen_warren/.m2/repository/org/jboss/logging/jboss-logging/3.4.2.Final/jboss-logging-3.4.2.Final.jar:/Users/pen_warren/.m2/repository/com/fasterxml/classmate/1.5.1/classmate-1.5.1.jar:/Users/pen_warren/.m2/repository/jakarta/validation/jakarta.validation-api/3.0.2/jakarta.validation-api-3.0.2.jar:/Users/pen_warren/IdeaProjects/beacon-cloud/beacon-common/target/beacon-common-0.0.1-SNAPSHOT.jar:"/>
    <property name="java.vm.vendor" value="Azul Systems, Inc."/>
    <property name="sun.arch.data.model" value="64"/>
    <property name="java.vendor.url" value="http://www.azul.com/"/>
    <property name="user.timezone" value=""/>
    <property name="java.vm.specification.version" value="1.8"/>
    <property name="os.name" value="Mac OS X"/>
    <property name="user.country" value="CN"/>
    <property name="sun.java.launcher" value="SUN_STANDARD"/>
    <property name="sun.boot.library.path" value="/Library/Java/JavaVirtualMachines/zulu-8.jdk/Contents/Home/jre/lib"/>
    <property name="sun.java.command" value="/Users/pen_warren/IdeaProjects/beacon-cloud/beacon-api/target/surefire/surefirebooter2394259986843267456.jar /Users/pen_warren/IdeaProjects/beacon-cloud/beacon-api/target/surefire 2025-09-20T12-37-39_282-jvmRun1 surefire5160304847002840432tmp surefire_08860989599774131948tmp"/>
    <property name="http.nonProxyHosts" value="127.0.0.1|192.168.0.0/16|*.192.168.0.0/16|10.0.0.0/8|*.10.0.0.0/8|172.16.0.0/12|*.172.16.0.0/12|172.29.0.0/16|*.172.29.0.0/16|localhost|*.localhost|local|*.local|crashlytics.com|*.crashlytics.com|&lt;local&gt;|*.&lt;local&gt;"/>
    <property name="surefire.test.class.path" value="/Users/pen_warren/IdeaProjects/beacon-cloud/beacon-api/target/test-classes:/Users/pen_warren/IdeaProjects/beacon-cloud/beacon-api/target/classes:/Users/pen_warren/.m2/repository/org/springframework/boot/spring-boot-starter-web/2.3.12.RELEASE/spring-boot-starter-web-2.3.12.RELEASE.jar:/Users/pen_warren/.m2/repository/org/springframework/boot/spring-boot-starter/2.3.12.RELEASE/spring-boot-starter-2.3.12.RELEASE.jar:/Users/pen_warren/.m2/repository/org/springframework/boot/spring-boot/2.3.12.RELEASE/spring-boot-2.3.12.RELEASE.jar:/Users/pen_warren/.m2/repository/org/springframework/boot/spring-boot-autoconfigure/2.3.12.RELEASE/spring-boot-autoconfigure-2.3.12.RELEASE.jar:/Users/pen_warren/.m2/repository/org/springframework/boot/spring-boot-starter-logging/2.3.12.RELEASE/spring-boot-starter-logging-2.3.12.RELEASE.jar:/Users/pen_warren/.m2/repository/ch/qos/logback/logback-classic/1.2.3/logback-classic-1.2.3.jar:/Users/pen_warren/.m2/repository/ch/qos/logback/logback-core/1.2.3/logback-core-1.2.3.jar:/Users/pen_warren/.m2/repository/org/apache/logging/log4j/log4j-to-slf4j/2.13.3/log4j-to-slf4j-2.13.3.jar:/Users/pen_warren/.m2/repository/org/apache/logging/log4j/log4j-api/2.14.1/log4j-api-2.14.1.jar:/Users/pen_warren/.m2/repository/org/slf4j/jul-to-slf4j/1.7.30/jul-to-slf4j-1.7.30.jar:/Users/pen_warren/.m2/repository/jakarta/annotation/jakarta.annotation-api/1.3.5/jakarta.annotation-api-1.3.5.jar:/Users/pen_warren/.m2/repository/org/yaml/snakeyaml/1.26/snakeyaml-1.26.jar:/Users/pen_warren/.m2/repository/org/springframework/boot/spring-boot-starter-json/2.3.12.RELEASE/spring-boot-starter-json-2.3.12.RELEASE.jar:/Users/pen_warren/.m2/repository/com/fasterxml/jackson/core/jackson-databind/2.12.5/jackson-databind-2.12.5.jar:/Users/pen_warren/.m2/repository/com/fasterxml/jackson/core/jackson-annotations/2.12.5/jackson-annotations-2.12.5.jar:/Users/pen_warren/.m2/repository/com/fasterxml/jackson/datatype/jackson-datatype-jdk8/2.12.5/jackson-datatype-jdk8-2.12.5.jar:/Users/pen_warren/.m2/repository/com/fasterxml/jackson/datatype/jackson-datatype-jsr310/2.12.5/jackson-datatype-jsr310-2.12.5.jar:/Users/pen_warren/.m2/repository/com/fasterxml/jackson/module/jackson-module-parameter-names/2.12.5/jackson-module-parameter-names-2.12.5.jar:/Users/pen_warren/.m2/repository/org/springframework/boot/spring-boot-starter-tomcat/2.3.12.RELEASE/spring-boot-starter-tomcat-2.3.12.RELEASE.jar:/Users/pen_warren/.m2/repository/org/apache/tomcat/embed/tomcat-embed-core/9.0.46/tomcat-embed-core-9.0.46.jar:/Users/pen_warren/.m2/repository/org/apache/tomcat/embed/tomcat-embed-websocket/9.0.46/tomcat-embed-websocket-9.0.46.jar:/Users/pen_warren/.m2/repository/org/springframework/spring-web/5.3.12/spring-web-5.3.12.jar:/Users/pen_warren/.m2/repository/org/springframework/spring-beans/5.3.12/spring-beans-5.3.12.jar:/Users/pen_warren/.m2/repository/org/springframework/spring-webmvc/5.3.12/spring-webmvc-5.3.12.jar:/Users/pen_warren/.m2/repository/org/springframework/spring-aop/5.3.12/spring-aop-5.3.12.jar:/Users/pen_warren/.m2/repository/org/springframework/spring-context/5.3.12/spring-context-5.3.12.jar:/Users/pen_warren/.m2/repository/org/springframework/spring-expression/5.3.12/spring-expression-5.3.12.jar:/Users/pen_warren/.m2/repository/com/alibaba/cloud/spring-cloud-starter-alibaba-nacos-discovery/2.2.6.RELEASE/spring-cloud-starter-alibaba-nacos-discovery-2.2.6.RELEASE.jar:/Users/pen_warren/.m2/repository/com/alibaba/cloud/spring-cloud-alibaba-commons/2.2.6.RELEASE/spring-cloud-alibaba-commons-2.2.6.RELEASE.jar:/Users/pen_warren/.m2/repository/com/alibaba/nacos/nacos-client/1.4.2/nacos-client-1.4.2.jar:/Users/pen_warren/.m2/repository/com/alibaba/nacos/nacos-common/1.4.2/nacos-common-1.4.2.jar:/Users/pen_warren/.m2/repository/commons-io/commons-io/2.7/commons-io-2.7.jar:/Users/pen_warren/.m2/repository/org/apache/httpcomponents/httpasyncclient/4.1.4/httpasyncclient-4.1.4.jar:/Users/pen_warren/.m2/repository/org/apache/httpcomponents/httpcore/4.4.14/httpcore-4.4.14.jar:/Users/pen_warren/.m2/repository/org/apache/httpcomponents/httpcore-nio/4.4.14/httpcore-nio-4.4.14.jar:/Users/pen_warren/.m2/repository/com/alibaba/nacos/nacos-api/1.4.2/nacos-api-1.4.2.jar:/Users/pen_warren/.m2/repository/com/google/guava/guava/30.0-jre/guava-30.0-jre.jar:/Users/pen_warren/.m2/repository/com/google/guava/failureaccess/1.0.1/failureaccess-1.0.1.jar:/Users/pen_warren/.m2/repository/com/google/guava/listenablefuture/9999.0-empty-to-avoid-conflict-with-guava/listenablefuture-9999.0-empty-to-avoid-conflict-with-guava.jar:/Users/pen_warren/.m2/repository/com/google/code/findbugs/jsr305/3.0.2/jsr305-3.0.2.jar:/Users/pen_warren/.m2/repository/org/checkerframework/checker-qual/3.5.0/checker-qual-3.5.0.jar:/Users/pen_warren/.m2/repository/com/google/errorprone/error_prone_annotations/2.3.4/error_prone_annotations-2.3.4.jar:/Users/pen_warren/.m2/repository/com/google/j2objc/j2objc-annotations/1.3/j2objc-annotations-1.3.jar:/Users/pen_warren/.m2/repository/commons-codec/commons-codec/1.14/commons-codec-1.14.jar:/Users/pen_warren/.m2/repository/com/fasterxml/jackson/core/jackson-core/2.12.5/jackson-core-2.12.5.jar:/Users/pen_warren/.m2/repository/io/prometheus/simpleclient/0.10.0/simpleclient-0.10.0.jar:/Users/pen_warren/.m2/repository/com/alibaba/spring/spring-context-support/1.0.10/spring-context-support-1.0.10.jar:/Users/pen_warren/.m2/repository/org/springframework/cloud/spring-cloud-commons/2.2.9.RELEASE/spring-cloud-commons-2.2.9.RELEASE.jar:/Users/pen_warren/.m2/repository/org/springframework/security/spring-security-crypto/5.5.3/spring-security-crypto-5.5.3.jar:/Users/pen_warren/.m2/repository/org/springframework/cloud/spring-cloud-context/2.2.9.RELEASE/spring-cloud-context-2.2.9.RELEASE.jar:/Users/pen_warren/.m2/repository/org/springframework/cloud/spring-cloud-starter-netflix-ribbon/2.2.9.RELEASE/spring-cloud-starter-netflix-ribbon-2.2.9.RELEASE.jar:/Users/pen_warren/.m2/repository/org/springframework/cloud/spring-cloud-netflix-ribbon/2.2.9.RELEASE/spring-cloud-netflix-ribbon-2.2.9.RELEASE.jar:/Users/pen_warren/.m2/repository/org/springframework/cloud/spring-cloud-netflix-archaius/2.2.9.RELEASE/spring-cloud-netflix-archaius-2.2.9.RELEASE.jar:/Users/pen_warren/.m2/repository/org/springframework/cloud/spring-cloud-starter-netflix-archaius/2.2.9.RELEASE/spring-cloud-starter-netflix-archaius-2.2.9.RELEASE.jar:/Users/pen_warren/.m2/repository/commons-configuration/commons-configuration/1.8/commons-configuration-1.8.jar:/Users/pen_warren/.m2/repository/com/netflix/ribbon/ribbon/2.3.0/ribbon-2.3.0.jar:/Users/pen_warren/.m2/repository/com/netflix/ribbon/ribbon-transport/2.3.0/ribbon-transport-2.3.0.jar:/Users/pen_warren/.m2/repository/io/reactivex/rxnetty-contexts/0.4.9/rxnetty-contexts-0.4.9.jar:/Users/pen_warren/.m2/repository/io/reactivex/rxnetty-servo/0.4.9/rxnetty-servo-0.4.9.jar:/Users/pen_warren/.m2/repository/javax/inject/javax.inject/1/javax.inject-1.jar:/Users/pen_warren/.m2/repository/io/reactivex/rxnetty/0.4.9/rxnetty-0.4.9.jar:/Users/pen_warren/.m2/repository/com/netflix/ribbon/ribbon-core/2.3.0/ribbon-core-2.3.0.jar:/Users/pen_warren/.m2/repository/commons-lang/commons-lang/2.6/commons-lang-2.6.jar:/Users/pen_warren/.m2/repository/com/netflix/ribbon/ribbon-httpclient/2.3.0/ribbon-httpclient-2.3.0.jar:/Users/pen_warren/.m2/repository/commons-collections/commons-collections/3.2.2/commons-collections-3.2.2.jar:/Users/pen_warren/.m2/repository/org/apache/httpcomponents/httpclient/4.5.13/httpclient-4.5.13.jar:/Users/pen_warren/.m2/repository/com/sun/jersey/jersey-client/1.19.1/jersey-client-1.19.1.jar:/Users/pen_warren/.m2/repository/com/sun/jersey/jersey-core/1.19.1/jersey-core-1.19.1.jar:/Users/pen_warren/.m2/repository/javax/ws/rs/jsr311-api/1.1.1/jsr311-api-1.1.1.jar:/Users/pen_warren/.m2/repository/com/sun/jersey/contribs/jersey-apache-client4/1.19.1/jersey-apache-client4-1.19.1.jar:/Users/pen_warren/.m2/repository/com/netflix/servo/servo-core/0.12.21/servo-core-0.12.21.jar:/Users/pen_warren/.m2/repository/com/netflix/netflix-commons/netflix-commons-util/0.3.0/netflix-commons-util-0.3.0.jar:/Users/pen_warren/.m2/repository/com/netflix/ribbon/ribbon-loadbalancer/2.3.0/ribbon-loadbalancer-2.3.0.jar:/Users/pen_warren/.m2/repository/com/netflix/netflix-commons/netflix-statistics/0.1.1/netflix-statistics-0.1.1.jar:/Users/pen_warren/.m2/repository/io/reactivex/rxjava/1.3.8/rxjava-1.3.8.jar:/Users/pen_warren/.m2/repository/com/alibaba/cloud/spring-cloud-starter-alibaba-nacos-config/2.2.6.RELEASE/spring-cloud-starter-alibaba-nacos-config-2.2.6.RELEASE.jar:/Users/pen_warren/.m2/repository/org/springframework/cloud/spring-cloud-starter-openfeign/2.2.9.RELEASE/spring-cloud-starter-openfeign-2.2.9.RELEASE.jar:/Users/pen_warren/.m2/repository/org/springframework/cloud/spring-cloud-starter/2.2.9.RELEASE/spring-cloud-starter-2.2.9.RELEASE.jar:/Users/pen_warren/.m2/repository/org/springframework/security/spring-security-rsa/1.0.9.RELEASE/spring-security-rsa-1.0.9.RELEASE.jar:/Users/pen_warren/.m2/repository/org/bouncycastle/bcpkix-jdk15on/1.64/bcpkix-jdk15on-1.64.jar:/Users/pen_warren/.m2/repository/org/bouncycastle/bcprov-jdk15on/1.64/bcprov-jdk15on-1.64.jar:/Users/pen_warren/.m2/repository/org/springframework/cloud/spring-cloud-openfeign-core/2.2.9.RELEASE/spring-cloud-openfeign-core-2.2.9.RELEASE.jar:/Users/pen_warren/.m2/repository/org/springframework/boot/spring-boot-starter-aop/2.3.12.RELEASE/spring-boot-starter-aop-2.3.12.RELEASE.jar:/Users/pen_warren/.m2/repository/org/aspectj/aspectjweaver/1.9.6/aspectjweaver-1.9.6.jar:/Users/pen_warren/.m2/repository/io/github/openfeign/form/feign-form-spring/3.8.0/feign-form-spring-3.8.0.jar:/Users/pen_warren/.m2/repository/io/github/openfeign/form/feign-form/3.8.0/feign-form-3.8.0.jar:/Users/pen_warren/.m2/repository/commons-fileupload/commons-fileupload/1.4/commons-fileupload-1.4.jar:/Users/pen_warren/.m2/repository/io/github/openfeign/feign-core/10.12/feign-core-10.12.jar:/Users/pen_warren/.m2/repository/io/github/openfeign/feign-slf4j/10.12/feign-slf4j-10.12.jar:/Users/pen_warren/.m2/repository/org/slf4j/slf4j-api/1.7.30/slf4j-api-1.7.30.jar:/Users/pen_warren/.m2/repository/io/github/openfeign/feign-hystrix/10.12/feign-hystrix-10.12.jar:/Users/pen_warren/.m2/repository/com/netflix/archaius/archaius-core/0.7.7/archaius-core-0.7.7.jar:/Users/pen_warren/.m2/repository/com/netflix/hystrix/hystrix-core/1.5.18/hystrix-core-1.5.18.jar:/Users/pen_warren/.m2/repository/org/hdrhistogram/HdrHistogram/2.1.9/HdrHistogram-2.1.9.jar:/Users/pen_warren/.m2/repository/org/springframework/boot/spring-boot-starter-amqp/2.3.12.RELEASE/spring-boot-starter-amqp-2.3.12.RELEASE.jar:/Users/pen_warren/.m2/repository/org/springframework/spring-messaging/5.3.12/spring-messaging-5.3.12.jar:/Users/pen_warren/.m2/repository/org/springframework/amqp/spring-rabbit/2.2.18.RELEASE/spring-rabbit-2.2.18.RELEASE.jar:/Users/pen_warren/.m2/repository/com/rabbitmq/amqp-client/5.9.0/amqp-client-5.9.0.jar:/Users/pen_warren/.m2/repository/org/springframework/amqp/spring-amqp/2.2.18.RELEASE/spring-amqp-2.2.18.RELEASE.jar:/Users/pen_warren/.m2/repository/org/springframework/retry/spring-retry/1.2.5.RELEASE/spring-retry-1.2.5.RELEASE.jar:/Users/pen_warren/.m2/repository/org/springframework/spring-tx/5.3.12/spring-tx-5.3.12.jar:/Users/pen_warren/.m2/repository/org/projectlombok/lombok/1.18.20/lombok-1.18.20.jar:/Users/pen_warren/.m2/repository/org/springframework/boot/spring-boot-starter-test/2.3.12.RELEASE/spring-boot-starter-test-2.3.12.RELEASE.jar:/Users/pen_warren/.m2/repository/org/springframework/boot/spring-boot-test/2.3.12.RELEASE/spring-boot-test-2.3.12.RELEASE.jar:/Users/pen_warren/.m2/repository/org/springframework/boot/spring-boot-test-autoconfigure/2.3.12.RELEASE/spring-boot-test-autoconfigure-2.3.12.RELEASE.jar:/Users/pen_warren/.m2/repository/com/jayway/jsonpath/json-path/2.4.0/json-path-2.4.0.jar:/Users/pen_warren/.m2/repository/net/minidev/json-smart/2.3.1/json-smart-2.3.1.jar:/Users/pen_warren/.m2/repository/net/minidev/accessors-smart/2.3.1/accessors-smart-2.3.1.jar:/Users/pen_warren/.m2/repository/org/ow2/asm/asm/5.0.4/asm-5.0.4.jar:/Users/pen_warren/.m2/repository/jakarta/xml/bind/jakarta.xml.bind-api/2.3.3/jakarta.xml.bind-api-2.3.3.jar:/Users/pen_warren/.m2/repository/jakarta/activation/jakarta.activation-api/1.2.2/jakarta.activation-api-1.2.2.jar:/Users/pen_warren/.m2/repository/org/assertj/assertj-core/3.16.1/assertj-core-3.16.1.jar:/Users/pen_warren/.m2/repository/org/hamcrest/hamcrest/2.2/hamcrest-2.2.jar:/Users/pen_warren/.m2/repository/org/junit/jupiter/junit-jupiter/5.7.2/junit-jupiter-5.7.2.jar:/Users/pen_warren/.m2/repository/org/junit/jupiter/junit-jupiter-api/5.7.2/junit-jupiter-api-5.7.2.jar:/Users/pen_warren/.m2/repository/org/opentest4j/opentest4j/1.2.0/opentest4j-1.2.0.jar:/Users/pen_warren/.m2/repository/org/junit/platform/junit-platform-commons/1.7.2/junit-platform-commons-1.7.2.jar:/Users/pen_warren/.m2/repository/org/junit/jupiter/junit-jupiter-params/5.7.2/junit-jupiter-params-5.7.2.jar:/Users/pen_warren/.m2/repository/org/junit/jupiter/junit-jupiter-engine/5.7.2/junit-jupiter-engine-5.7.2.jar:/Users/pen_warren/.m2/repository/org/junit/vintage/junit-vintage-engine/5.7.2/junit-vintage-engine-5.7.2.jar:/Users/pen_warren/.m2/repository/org/apiguardian/apiguardian-api/1.1.0/apiguardian-api-1.1.0.jar:/Users/pen_warren/.m2/repository/org/junit/platform/junit-platform-engine/1.7.2/junit-platform-engine-1.7.2.jar:/Users/pen_warren/.m2/repository/junit/junit/4.13.2/junit-4.13.2.jar:/Users/pen_warren/.m2/repository/org/mockito/mockito-core/3.3.3/mockito-core-3.3.3.jar:/Users/pen_warren/.m2/repository/net/bytebuddy/byte-buddy/1.10.22/byte-buddy-1.10.22.jar:/Users/pen_warren/.m2/repository/net/bytebuddy/byte-buddy-agent/1.10.22/byte-buddy-agent-1.10.22.jar:/Users/pen_warren/.m2/repository/org/objenesis/objenesis/2.6/objenesis-2.6.jar:/Users/pen_warren/.m2/repository/org/mockito/mockito-junit-jupiter/3.3.3/mockito-junit-jupiter-3.3.3.jar:/Users/pen_warren/.m2/repository/org/skyscreamer/jsonassert/1.5.0/jsonassert-1.5.0.jar:/Users/pen_warren/.m2/repository/com/vaadin/external/google/android-json/0.0.20131108.vaadin1/android-json-0.0.20131108.vaadin1.jar:/Users/pen_warren/.m2/repository/org/springframework/spring-core/5.3.12/spring-core-5.3.12.jar:/Users/pen_warren/.m2/repository/org/springframework/spring-jcl/5.3.12/spring-jcl-5.3.12.jar:/Users/pen_warren/.m2/repository/org/springframework/spring-test/5.3.12/spring-test-5.3.12.jar:/Users/pen_warren/.m2/repository/org/xmlunit/xmlunit-core/2.7.0/xmlunit-core-2.7.0.jar:/Users/pen_warren/.m2/repository/org/springframework/boot/spring-boot-starter-validation/2.3.12.RELEASE/spring-boot-starter-validation-2.3.12.RELEASE.jar:/Users/pen_warren/.m2/repository/org/glassfish/jakarta.el/3.0.3/jakarta.el-3.0.3.jar:/Users/pen_warren/.m2/repository/org/hibernate/validator/hibernate-validator/6.1.7.Final/hibernate-validator-6.1.7.Final.jar:/Users/pen_warren/.m2/repository/org/jboss/logging/jboss-logging/3.4.2.Final/jboss-logging-3.4.2.Final.jar:/Users/pen_warren/.m2/repository/com/fasterxml/classmate/1.5.1/classmate-1.5.1.jar:/Users/pen_warren/.m2/repository/jakarta/validation/jakarta.validation-api/3.0.2/jakarta.validation-api-3.0.2.jar:/Users/pen_warren/IdeaProjects/beacon-cloud/beacon-common/target/beacon-common-0.0.1-SNAPSHOT.jar:"/>
    <property name="sun.cpu.endian" value="little"/>
    <property name="user.home" value="/Users/pen_warren"/>
    <property name="user.language" value="en"/>
    <property name="java.specification.vendor" value="Oracle Corporation"/>
    <property name="java.home" value="/Library/Java/JavaVirtualMachines/zulu-8.jdk/Contents/Home/jre"/>
    <property name="basedir" value="/Users/pen_warren/IdeaProjects/beacon-cloud/beacon-api"/>
    <property name="file.separator" value="/"/>
    <property name="line.separator" value="&#10;"/>
    <property name="jdk.vendor.version" value="Zulu 8.88.0.19-CA-macos-aarch64"/>
    <property name="java.vm.specification.vendor" value="Oracle Corporation"/>
    <property name="java.specification.name" value="Java Platform API Specification"/>
    <property name="java.awt.graphicsenv" value="sun.awt.CGraphicsEnvironment"/>
    <property name="surefire.real.class.path" value="/Users/pen_warren/IdeaProjects/beacon-cloud/beacon-api/target/surefire/surefirebooter2394259986843267456.jar"/>
    <property name="sun.boot.class.path" value="/Library/Java/JavaVirtualMachines/zulu-8.jdk/Contents/Home/jre/lib/resources.jar:/Library/Java/JavaVirtualMachines/zulu-8.jdk/Contents/Home/jre/lib/rt.jar:/Library/Java/JavaVirtualMachines/zulu-8.jdk/Contents/Home/jre/lib/sunrsasign.jar:/Library/Java/JavaVirtualMachines/zulu-8.jdk/Contents/Home/jre/lib/jsse.jar:/Library/Java/JavaVirtualMachines/zulu-8.jdk/Contents/Home/jre/lib/jce.jar:/Library/Java/JavaVirtualMachines/zulu-8.jdk/Contents/Home/jre/lib/charsets.jar:/Library/Java/JavaVirtualMachines/zulu-8.jdk/Contents/Home/jre/lib/jfr.jar:/Library/Java/JavaVirtualMachines/zulu-8.jdk/Contents/Home/jre/lib/cat.jar:/Library/Java/JavaVirtualMachines/zulu-8.jdk/Contents/Home/jre/classes"/>
    <property name="sun.management.compiler" value="HotSpot 64-Bit Tiered Compilers"/>
    <property name="ftp.nonProxyHosts" value="127.0.0.1|192.168.0.0/16|*.192.168.0.0/16|10.0.0.0/8|*.10.0.0.0/8|172.16.0.0/12|*.172.16.0.0/12|172.29.0.0/16|*.172.29.0.0/16|localhost|*.localhost|local|*.local|crashlytics.com|*.crashlytics.com|&lt;local&gt;|*.&lt;local&gt;"/>
    <property name="java.runtime.version" value="1.8.0_462-b08"/>
    <property name="user.name" value="pen_warren"/>
    <property name="path.separator" value=":"/>
    <property name="os.version" value="15.2"/>
    <property name="java.endorsed.dirs" value="/Library/Java/JavaVirtualMachines/zulu-8.jdk/Contents/Home/jre/lib/endorsed"/>
    <property name="java.runtime.name" value="OpenJDK Runtime Environment"/>
    <property name="file.encoding" value="UTF-8"/>
    <property name="java.vm.name" value="OpenJDK 64-Bit Server VM"/>
    <property name="localRepository" value="/Users/pen_warren/.m2/repository"/>
    <property name="java.vendor.url.bug" value="http://www.azul.com/support/"/>
    <property name="java.io.tmpdir" value="/var/folders/5m/81h3qk3x2l52t9qml1wvwp0r0000gn/T/"/>
    <property name="idea.version" value="2024.3.4.1"/>
    <property name="java.version" value="1.8.0_462"/>
    <property name="user.dir" value="/Users/pen_warren/IdeaProjects/beacon-cloud/beacon-api"/>
    <property name="os.arch" value="aarch64"/>
    <property name="java.vm.specification.name" value="Java Virtual Machine Specification"/>
    <property name="java.awt.printerjob" value="sun.lwawt.macosx.CPrinterJob"/>
    <property name="sun.os.patch.level" value="unknown"/>
    <property name="java.library.path" value="/Users/pen_warren/Library/Java/Extensions:/Library/Java/Extensions:/Network/Library/Java/Extensions:/System/Library/Java/Extensions:/usr/lib/java:."/>
    <property name="java.vm.info" value="mixed mode"/>
    <property name="java.vendor" value="Azul Systems, Inc."/>
    <property name="java.vm.version" value="25.462-b08"/>
    <property name="java.specification.maintenance.version" value="6"/>
    <property name="java.ext.dirs" value="/Users/pen_warren/Library/Java/Extensions:/Library/Java/JavaVirtualMachines/zulu-8.jdk/Contents/Home/jre/lib/ext:/Library/Java/Extensions:/Network/Library/Java/Extensions:/System/Library/Java/Extensions:/usr/lib/java"/>
    <property name="sun.io.unicode.encoding" value="UnicodeBig"/>
    <property name="java.class.version" value="52.0"/>
    <property name="socksNonProxyHosts" value="127.0.0.1|192.168.0.0/16|*.192.168.0.0/16|10.0.0.0/8|*.10.0.0.0/8|172.16.0.0/12|*.172.16.0.0/12|172.29.0.0/16|*.172.29.0.0/16|localhost|*.localhost|local|*.local|crashlytics.com|*.crashlytics.com|&lt;local&gt;|*.&lt;local&gt;"/>
  </properties>
  <testcase name="check" classname="com.peng.sms.api.filter.CheckFilterContextTest" time="0.078"/>
</testsuite>